 * Serving Flask app 'app'
 * Debug mode: on
WARNING: This is a development server. Do not use it in a production deployment. Use a production WSGI server instead.
 * Running on all addresses (0.0.0.0)
 * Running on http://127.0.0.1:5000
 * Running on http://172.16.30.147:5000
Press CTRL+C to quit
 * Restarting with stat
 * Debugger is active!
 * Debugger PIN: 107-058-883
 * Detected change in 'C:\\Users\\81808\\Desktop\\シフト作成ツール2_dev\\app.py', reloading
 * Restarting with stat
 * Debugger is active!
 * Debugger PIN: 107-058-883
 * Detected change in 'C:\\Users\\81808\\Desktop\\シフト作成ツール2_dev\\app.py', reloading
 * Restarting with stat
 * Debugger is active!
 * Debugger PIN: 107-058-883
 * Detected change in 'C:\\Users\\81808\\Desktop\\シフト作成ツール2_dev\\app.py', reloading
 * Restarting with stat
 * Debugger is active!
 * Debugger PIN: 107-058-883
 * Detected change in 'C:\\Users\\81808\\Desktop\\シフト作成ツール2_dev\\app.py', reloading
 * Restarting with stat
 * Debugger is active!
 * Debugger PIN: 107-058-883
 * Detected change in 'C:\\Users\\81808\\Desktop\\シフト作成ツール2_dev\\app.py', reloading
 * Restarting with stat
 * Debugger is active!
 * Debugger PIN: 107-058-883
 * Detected change in 'C:\\Users\\81808\\Desktop\\シフト作成ツール2_dev\\app.py', reloading
 * Restarting with stat
 * Debugger is active!
 * Debugger PIN: 107-058-883
